2024-06-18T00:35:32+00:00 DEBUG POST: https://ads.tiktok.com/marketing_api/api/developer/app/create_auto_approve/

{"business_platform":"PROD","smb_id":"tt4b_woocommerce_6670d6544b198httplocalhost8081polyshopwp-admin","smb_name":"PROD","redirect_url":"http:\/\/localhost:8081\/polyshop\/wp-admin\/"}
 ajax: no
2024-06-18T00:35:33+00:00 DEBUG Tt4b_Mapi_Class::create_open_source_app: Response: 

HTTP/1.1 200 OK
Content-Type: application/json
X-Tt-Logid: 20240618003533029CF1F791607008838B,20240618003533029CF1F791607008838B
Strict-Transport-Security: max-age=31536000; includeSubDomains
x-tt-trace-host: 01f8685fd4e40d10160a6bcea1f5c65e52247ded83c546f2ccab4ded1a221dda25905368829dcaf2f9a985878891da4ff4b354128f8a57aa59680deba38f217546b64513febebc5050181c5c251993ab86556f1c80d9ebc2e8be6f3f3fbb4ba915ae4ff877b921609779b32df6338905fb
x-tt-trace-id: 00-240618003533029CF1F791607008838B-6909642B75644A5D-00
Server: TLB
Content-Encoding: gzip
Content-Length: 210
X-Origin-Response-Time: 161,104.88.70.196
X-Akamai-Request-ID: 17acf18a.88d06bab
Date: Tue, 18 Jun 2024 00:35:34 GMT
X-Cache: TCP_MISS from a23-32-74-70.deploy.akamaitechnologies.com (AkamaiGHost/11.5.2-56372494) (-)
Connection: close
Vary: Accept-Encoding
X-Cache-Remote: TCP_MISS from a104-88-70-196.deploy.akamaitechnologies.com (AkamaiGHost/11.5.2-56372494) (-)
x-tt-trace-tag: id=16;cdn-cache=miss;type=dyn
Server-Timing: cdn-cache; desc=MISS, edge; dur=42, origin; dur=160
Server-Timing: inner; dur=146
X-Parent-Response-Time: 199,23.32.74.70

{"code":0,"msg":"ok","data":{"redirect_uri":"http:\/\/localhost:8081\/polyshop\/wp-admin\/","app_secret":"3e804fccdc6e45f57c283581cf2ab31b3a937357","app_id":"7381635457680949265","external_data_key":"f3df3580-e186-4266-8998-92c130d92b28"}}

2024-06-18T01:45:16+00:00 DEBUG Tt4b_Pixel_Class::inject_view_content_event: hit ViewContent
2024-06-18T01:45:16+00:00 DEBUG Tt4b_Pixel_Class::inject_view_content_event: Missing option "access_token"
2024-06-18T05:27:07+00:00 DEBUG Tt4b_Pixel_Class::inject_view_content_event: hit ViewContent
2024-06-18T05:27:07+00:00 DEBUG Tt4b_Pixel_Class::inject_view_content_event: Missing option "access_token"
2024-06-18T05:28:03+00:00 DEBUG Tt4b_Pixel_Class::inject_view_content_event: hit ViewContent
2024-06-18T05:28:03+00:00 DEBUG Tt4b_Pixel_Class::inject_view_content_event: Missing option "access_token"
2024-06-18T12:58:10+00:00 DEBUG tt4b_product_delete: missing access token for tt4b_product_sync
2024-06-18T13:00:40+00:00 DEBUG Tt4b_Pixel_Class::inject_view_content_event: hit ViewContent
2024-06-18T13:00:40+00:00 DEBUG Tt4b_Pixel_Class::inject_view_content_event: Missing option "access_token"
2024-06-18T13:01:00+00:00 DEBUG Tt4b_Pixel_Class::inject_view_content_event: hit ViewContent
2024-06-18T13:01:00+00:00 DEBUG Tt4b_Pixel_Class::inject_view_content_event: Missing option "access_token"
2024-06-18T13:12:30+00:00 DEBUG tt4b_product_delete: missing access token for tt4b_product_sync
2024-06-18T13:12:39+00:00 DEBUG tt4b_product_delete: missing access token for tt4b_product_sync
2024-06-18T13:12:48+00:00 DEBUG tt4b_product_delete: missing access token for tt4b_product_sync
2024-06-18T13:13:03+00:00 DEBUG tt4b_product_delete: missing access token for tt4b_product_sync
2024-06-18T13:13:17+00:00 DEBUG tt4b_product_delete: missing access token for tt4b_product_sync
2024-06-18T13:18:16+00:00 DEBUG Tt4b_Pixel_Class::inject_view_content_event: hit ViewContent
2024-06-18T13:18:16+00:00 DEBUG Tt4b_Pixel_Class::inject_view_content_event: Missing option "access_token"
2024-06-18T13:24:59+00:00 DEBUG Tt4b_Pixel_Class::inject_view_content_event: hit ViewContent
2024-06-18T13:24:59+00:00 DEBUG Tt4b_Pixel_Class::inject_view_content_event: Missing option "access_token"
2024-06-18T13:25:12+00:00 DEBUG Tt4b_Pixel_Class::inject_view_content_event: hit ViewContent
2024-06-18T13:25:12+00:00 DEBUG Tt4b_Pixel_Class::inject_view_content_event: Missing option "access_token"
2024-06-18T13:26:24+00:00 DEBUG Tt4b_Pixel_Class::inject_view_content_event: hit ViewContent
2024-06-18T13:26:24+00:00 DEBUG Tt4b_Pixel_Class::inject_view_content_event: Missing option "access_token"
2024-06-18T13:26:28+00:00 DEBUG Tt4b_Pixel_Class::inject_add_to_cart_event: hit AddToCart
2024-06-18T13:26:28+00:00 DEBUG Tt4b_Pixel_Class::inject_add_to_cart_event: Missing option "access_token"
2024-06-18T13:26:28+00:00 DEBUG Tt4b_Pixel_Class::inject_view_content_event: hit ViewContent
2024-06-18T13:26:28+00:00 DEBUG Tt4b_Pixel_Class::inject_view_content_event: Missing option "access_token"
2024-06-18T13:26:41+00:00 DEBUG Tt4b_Pixel_Class::inject_initiate_checkout_event: hit InitiateCheckout
2024-06-18T13:26:41+00:00 DEBUG Tt4b_Pixel_Class::inject_initiate_checkout_event: Missing option "access_token"
2024-06-18T23:52:42+00:00 DEBUG Tt4b_Pixel_Class::inject_view_content_event: hit ViewContent
2024-06-18T23:52:42+00:00 DEBUG Tt4b_Pixel_Class::inject_view_content_event: Missing option "access_token"
2024-06-18T23:52:53+00:00 DEBUG Tt4b_Pixel_Class::inject_view_content_event: hit ViewContent
2024-06-18T23:52:53+00:00 DEBUG Tt4b_Pixel_Class::inject_view_content_event: Missing option "access_token"
